Using pre-set license
Built from '2020.3/staging' branch; Version is '2020.3.17f1 (a4537701e4ab) revision 10769271'; Using compiler version '192528614'; Build Type 'Release'
OS: 'Windows 10 Pro; OS build 19044.1526; Version 2009; 64bit' Language: 'en' Physical Memory: 32694 MB
BatchMode: 1, IsHumanControllingUs: 0, StartBugReporterOnCrash: 0, Is64bit: 1, IsPro: 0

COMMAND LINE ARGUMENTS:
C:\Program Files\Unity\Hub\Editor\2020.3.17f1\Editor\Unity.exe
-adb2
-batchMode
-noUpm
-name
AssetImportWorker0
-projectPath
C:/Users/Dan/Desktop/Magicon Unity Client
-logFile
Logs/AssetImportWorker0.log
-srvPort
56941
Successfully changed project path to: C:/Users/Dan/Desktop/Magicon Unity Client
C:/Users/Dan/Desktop/Magicon Unity Client
Using Asset Import Pipeline V2.
Refreshing native plugins compatible for Editor in 39.47 ms, found 3 plugins.
Preloading 0 native plugins for Editor in 0.00 ms.
Initialize engine version: 2020.3.17f1 (a4537701e4ab)
[Subsystems] Discovering subsystems at path C:/Program Files/Unity/Hub/Editor/2020.3.17f1/Editor/Data/Resources/UnitySubsystems
[Subsystems] Discovering subsystems at path C:/Users/Dan/Desktop/Magicon Unity Client/Assets
GfxDevice: creating device client; threaded=0
Direct3D:
    Version:  Direct3D 11.0 [level 11.1]
    Renderer: NVIDIA GeForce GTX 1060 3GB (ID=0x1c02)
    Vendor:   
    VRAM:     2988 MB
    Driver:   27.21.14.6589
Initialize mono
Mono path[0] = 'C:/Program Files/Unity/Hub/Editor/2020.3.17f1/Editor/Data/Managed'
Mono path[1] = 'C:/Program Files/Unity/Hub/Editor/2020.3.17f1/Editor/Data/MonoBleedingEdge/lib/mono/unityjit'
Mono config path = 'C:/Program Files/Unity/Hub/Editor/2020.3.17f1/Editor/Data/MonoBleedingEdge/etc'
Using monoOptions --debugger-agent=transport=dt_socket,embedding=1,server=y,suspend=n,address=127.0.0.1:56600
Begin MonoManager ReloadAssembly
Registering precompiled unity dll's ...
Register platform support module: C:/Program Files/Unity/Hub/Editor/2020.3.17f1/Editor/Data/PlaybackEngines/WebGLSupport/UnityEditor.WebGL.Extensions.dll
Register platform support module: C:/Program Files/Unity/Hub/Editor/2020.3.17f1/Editor/Data/PlaybackEngines/WindowsStandaloneSupport/UnityEditor.WindowsStandalone.Extensions.dll
Registered in 0.166060 seconds.
Native extension for WindowsStandalone target not found
Native extension for WebGL target not found
Refreshing native plugins compatible for Editor in 38.37 ms, found 3 plugins.
Preloading 0 native plugins for Editor in 0.00 ms.
Mono: successfully reloaded assembly
- Completed reload, in  3.150 seconds
Domain Reload Profiling:
	ReloadAssembly (3150ms)
		BeginReloadAssembly (1787ms)
			ExecutionOrderSort (0ms)
			DisableScriptedObjects (0ms)
			BackupInstance (0ms)
			ReleaseScriptingObjects (0ms)
			CreateAndSetChildDomain (1ms)
		EndReloadAssembly (555ms)
			LoadAssemblies (1788ms)
			RebuildTransferFunctionScriptingTraits (0ms)
			SetupTypeCache (337ms)
			ReleaseScriptCaches (0ms)
			RebuildScriptCaches (24ms)
			SetupLoadedEditorAssemblies (141ms)
				LogAssemblyErrors (0ms)
				InitializePlatformSupportModulesInManaged (4ms)
				SetLoadedEditorAssemblies (0ms)
				RefreshPlugins (38ms)
				BeforeProcessingInitializeOnLoad (11ms)
				ProcessInitializeOnLoadAttributes (64ms)
				ProcessInitializeOnLoadMethodAttributes (24ms)
				AfterProcessingInitializeOnLoad (0ms)
				EditorAssembliesLoaded (0ms)
			ExecutionOrderSort2 (0ms)
			AwakeInstancesAfterBackupRestoration (0ms)
Platform modules already initialized, skipping
Registering precompiled user dll's ...
Registered in 0.428170 seconds.
Begin MonoManager ReloadAssembly
Native extension for WindowsStandalone target not found
Native extension for WebGL target not found
Refreshing native plugins compatible for Editor in 47.09 ms, found 3 plugins.
Preloading 0 native plugins for Editor in 0.00 ms.
Mono: successfully reloaded assembly
- Completed reload, in  3.125 seconds
Domain Reload Profiling:
	ReloadAssembly (3128ms)
		BeginReloadAssembly (120ms)
			ExecutionOrderSort (0ms)
			DisableScriptedObjects (4ms)
			BackupInstance (0ms)
			ReleaseScriptingObjects (0ms)
			CreateAndSetChildDomain (15ms)
		EndReloadAssembly (2954ms)
			LoadAssemblies (1568ms)
			RebuildTransferFunctionScriptingTraits (0ms)
			SetupTypeCache (734ms)
			ReleaseScriptCaches (1ms)
			RebuildScriptCaches (49ms)
			SetupLoadedEditorAssemblies (479ms)
				LogAssemblyErrors (0ms)
				InitializePlatformSupportModulesInManaged (4ms)
				SetLoadedEditorAssemblies (0ms)
				RefreshPlugins (47ms)
				BeforeProcessingInitializeOnLoad (74ms)
				ProcessInitializeOnLoadAttributes (338ms)
				ProcessInitializeOnLoadMethodAttributes (10ms)
				AfterProcessingInitializeOnLoad (5ms)
				EditorAssembliesLoaded (0ms)
			ExecutionOrderSort2 (0ms)
			AwakeInstancesAfterBackupRestoration (5ms)
Platform modules already initialized, skipping
========================================================================
Worker process is ready to serve import requests
Launched and connected shader compiler UnityShaderCompiler.exe after 0.11 seconds
Refreshing native plugins compatible for Editor in 0.50 ms, found 3 plugins.
Preloading 0 native plugins for Editor in 0.00 ms.
Unloading 2104 Unused Serialized files (Serialized files now loaded: 0)
System memory in use before: 95.4 MB.
System memory in use after: 95.5 MB.

Unloading 28 unused Assets to reduce memory usage. Loaded Objects now: 2542.
Total: 2.814800 ms (FindLiveObjects: 0.187800 ms CreateObjectMapping: 0.043700 ms MarkObjects: 2.526800 ms  DeleteObjects: 0.055800 ms)

AssetImportParameters requested are different than current active one (requested -> active):
  custom:framework-win-MediaFoundation: 216162199b28c13a410421893ffa2e32 -> 
  custom:video-decoder-ogg-theora: a1e56fd34408186e4bbccfd4996cb3dc -> 
  custom:container-muxer-webm: aa71ff27fc2769a1b78a27578f13a17b -> 
  custom:container-demuxer-webm: 4f35f7cbe854078d1ac9338744f61a02 -> 
  custom:container-demuxer-ogg: 62fdf1f143b41e24485cea50d1cbac27 -> 
  custom:video-encoder-webm-vp8: eb34c28f22e8b96e1ab97ce403110664 -> 
  custom:video-codec-MediaFoundation-h265: 746d11721c4dcdbdad8f713fa42b33f4 -> 
  custom:video-decoder-webm-vp8: 9c59270c3fd7afecdb556c50c9e8de78 -> 
  custom:audio-decoder-ogg-vorbis: bf7c407c2cedff20999df2af8eb42d56 -> 
  custom:audio-encoder-webm-vorbis: bf7c407c2cedff20999df2af8eb42d56 -> 
========================================================================
Received Import Request.
  path: Assets/UI Prefabs/Mail.prefab
  artifactKey: Guid(450f98dfe03712248a57a3edffcb67cb) Importer(815301076,1909f56bfc062723c751e8b465ee728b)
Start importing Assets/UI Prefabs/Mail.prefab using Guid(450f98dfe03712248a57a3edffcb67cb) Importer(815301076,1909f56bfc062723c751e8b465ee728b)  -> (artifact id: '2253945eb245a208240233129938bd71') in 0.115205 seconds 
  Import took 0.118389 seconds .

========================================================================
Received Import Request.
  Time since last request: 0.508572 seconds.
  path: Assets/UI Prefabs/Account Mail Panel.prefab
  artifactKey: Guid(e5d13e725de8b3a4487ae8a6836f1fc8) Importer(815301076,1909f56bfc062723c751e8b465ee728b)
Start importing Assets/UI Prefabs/Account Mail Panel.prefab using Guid(e5d13e725de8b3a4487ae8a6836f1fc8) Importer(815301076,1909f56bfc062723c751e8b465ee728b)  -> (artifact id: '422ea0d438c8fb383f938be0fba2b82b') in 0.098818 seconds 
  Import took 0.102528 seconds .

========================================================================
Received Import Request.
  Time since last request: 83.513538 seconds.
  path: Assets/UI Prefabs/Account Mail Panel.prefab
  artifactKey: Guid(e5d13e725de8b3a4487ae8a6836f1fc8) Importer(815301076,1909f56bfc062723c751e8b465ee728b)
Start importing Assets/UI Prefabs/Account Mail Panel.prefab using Guid(e5d13e725de8b3a4487ae8a6836f1fc8) Importer(815301076,1909f56bfc062723c751e8b465ee728b)  -> (artifact id: '9e0b7cfeb71e6b6650762b0a66d62435') in 0.038778 seconds 
  Import took 0.042563 seconds .

========================================================================
Received Import Request.
  Time since last request: 60.321369 seconds.
  path: Assets/UI Prefabs/Account Mail Panel.prefab
  artifactKey: Guid(e5d13e725de8b3a4487ae8a6836f1fc8) Importer(815301076,1909f56bfc062723c751e8b465ee728b)
Start importing Assets/UI Prefabs/Account Mail Panel.prefab using Guid(e5d13e725de8b3a4487ae8a6836f1fc8) Importer(815301076,1909f56bfc062723c751e8b465ee728b)  -> (artifact id: 'e46b48c4cd5ad657401c4e11e048addc') in 0.037276 seconds 
  Import took 0.041290 seconds .

========================================================================
Received Import Request.
  Time since last request: 34.271903 seconds.
  path: Assets/UI Prefabs/Account Mail Panel.prefab
  artifactKey: Guid(e5d13e725de8b3a4487ae8a6836f1fc8) Importer(815301076,1909f56bfc062723c751e8b465ee728b)
Start importing Assets/UI Prefabs/Account Mail Panel.prefab using Guid(e5d13e725de8b3a4487ae8a6836f1fc8) Importer(815301076,1909f56bfc062723c751e8b465ee728b)  -> (artifact id: '7ebac2a6984173781c89a42b84936fe3') in 0.035766 seconds 
  Import took 0.039345 seconds .

========================================================================
Received Import Request.
  Time since last request: 28.110260 seconds.
  path: Assets/UI Prefabs/Account Mail Panel.prefab
  artifactKey: Guid(e5d13e725de8b3a4487ae8a6836f1fc8) Importer(815301076,1909f56bfc062723c751e8b465ee728b)
Start importing Assets/UI Prefabs/Account Mail Panel.prefab using Guid(e5d13e725de8b3a4487ae8a6836f1fc8) Importer(815301076,1909f56bfc062723c751e8b465ee728b)  -> (artifact id: 'c629f5f80e7c3c1d9a8131c28c5918f5') in 0.036693 seconds 
  Import took 0.040279 seconds .

========================================================================
Received Import Request.
  Time since last request: 7.646426 seconds.
  path: Assets/UI Prefabs/Account Mail Panel.prefab
  artifactKey: Guid(e5d13e725de8b3a4487ae8a6836f1fc8) Importer(815301076,1909f56bfc062723c751e8b465ee728b)
Start importing Assets/UI Prefabs/Account Mail Panel.prefab using Guid(e5d13e725de8b3a4487ae8a6836f1fc8) Importer(815301076,1909f56bfc062723c751e8b465ee728b)  -> (artifact id: '7d51f8d640b6b5e607abbc164fe7cdb4') in 0.036846 seconds 
  Import took 0.040488 seconds .

========================================================================
Received Import Request.
  Time since last request: 0.000140 seconds.
  path: Assets/UI Prefabs/Mail.prefab
  artifactKey: Guid(450f98dfe03712248a57a3edffcb67cb) Importer(815301076,1909f56bfc062723c751e8b465ee728b)
Start importing Assets/UI Prefabs/Mail.prefab using Guid(450f98dfe03712248a57a3edffcb67cb) Importer(815301076,1909f56bfc062723c751e8b465ee728b)  -> (artifact id: 'c49992cf0421890ed921c0f97c9e4988') in 0.018439 seconds 
  Import took 0.021096 seconds .

========================================================================
Received Import Request.
  Time since last request: 1908.872821 seconds.
  path: Assets/UI Prefabs/Account Mail Panel.prefab
  artifactKey: Guid(e5d13e725de8b3a4487ae8a6836f1fc8) Importer(815301076,1909f56bfc062723c751e8b465ee728b)
Start importing Assets/UI Prefabs/Account Mail Panel.prefab using Guid(e5d13e725de8b3a4487ae8a6836f1fc8) Importer(815301076,1909f56bfc062723c751e8b465ee728b)  -> (artifact id: '31fc985b7785444f029b677e1273c59d') in 0.037284 seconds 
  Import took 0.041624 seconds .

========================================================================
Received Import Request.
  Time since last request: 928.980222 seconds.
  path: Assets/UI Prefabs/Friend.prefab
  artifactKey: Guid(5099d76936331a340ad059c27ee5ec58) Importer(815301076,1909f56bfc062723c751e8b465ee728b)
Start importing Assets/UI Prefabs/Friend.prefab using Guid(5099d76936331a340ad059c27ee5ec58) Importer(815301076,1909f56bfc062723c751e8b465ee728b)  -> (artifact id: '77f2dd65ea73fb27582493ac706ee301') in 0.023675 seconds 
  Import took 0.026970 seconds .

========================================================================
Received Import Request.
  Time since last request: 38.267040 seconds.
  path: Assets/UI Prefabs/Friends Panel.prefab
  artifactKey: Guid(5dde1e255c38c924da11b28408a3461f) Importer(815301076,1909f56bfc062723c751e8b465ee728b)
Start importing Assets/UI Prefabs/Friends Panel.prefab using Guid(5dde1e255c38c924da11b28408a3461f) Importer(815301076,1909f56bfc062723c751e8b465ee728b)  -> (artifact id: '852224491b2235a8a93defe0e69512e4') in 0.050864 seconds 
  Import took 0.054617 seconds .

========================================================================
Received Import Request.
  Time since last request: 1793.354485 seconds.
  path: Assets/UI Prefabs/Shop Item.prefab
  artifactKey: Guid(78356b35b9272ab46b39c9c1ac509e7a) Importer(815301076,1909f56bfc062723c751e8b465ee728b)
Start importing Assets/UI Prefabs/Shop Item.prefab using Guid(78356b35b9272ab46b39c9c1ac509e7a) Importer(815301076,1909f56bfc062723c751e8b465ee728b)  -> (artifact id: 'fad9a22d6c6f0f88ff5f3aaf89240fab') in 0.023847 seconds 
  Import took 0.027411 seconds .

========================================================================
Received Import Request.
  Time since last request: 0.000617 seconds.
  path: Assets/UI Prefabs/Shop Item.prefab
  artifactKey: Guid(78356b35b9272ab46b39c9c1ac509e7a) Importer(815301076,1909f56bfc062723c751e8b465ee728b)
Start importing Assets/UI Prefabs/Shop Item.prefab using Guid(78356b35b9272ab46b39c9c1ac509e7a) Importer(815301076,1909f56bfc062723c751e8b465ee728b)  -> (artifact id: 'fad9a22d6c6f0f88ff5f3aaf89240fab') in 0.018969 seconds 
  Import took 0.021858 seconds .

========================================================================
Received Import Request.
  Time since last request: 144.997025 seconds.
  path: Assets/UI Prefabs/Shop Panel.prefab
  artifactKey: Guid(dc15fe03d8fdfe143b6b821a128f357e) Importer(815301076,1909f56bfc062723c751e8b465ee728b)
Start importing Assets/UI Prefabs/Shop Panel.prefab using Guid(dc15fe03d8fdfe143b6b821a128f357e) Importer(815301076,1909f56bfc062723c751e8b465ee728b)  -> (artifact id: '1fcf01f578b427309e3bf33d463f2193') in 0.039677 seconds 
  Import took 0.043307 seconds .

========================================================================
Received Import Request.
  Time since last request: 1043.008828 seconds.
  path: Assets/UI Prefabs/Achievement Group.prefab
  artifactKey: Guid(8750c2def7f5285478f64851ab49256c) Importer(815301076,1909f56bfc062723c751e8b465ee728b)
Start importing Assets/UI Prefabs/Achievement Group.prefab using Guid(8750c2def7f5285478f64851ab49256c) Importer(815301076,1909f56bfc062723c751e8b465ee728b)  -> (artifact id: '13b26d81557ddec41495c7c3c5ba49f0') in 0.026287 seconds 
  Import took 0.029685 seconds .

========================================================================
Received Import Request.
  Time since last request: 0.001945 seconds.
  path: Assets/UI Prefabs/Achievement Group.prefab
  artifactKey: Guid(8750c2def7f5285478f64851ab49256c) Importer(815301076,1909f56bfc062723c751e8b465ee728b)
Start importing Assets/UI Prefabs/Achievement Group.prefab using Guid(8750c2def7f5285478f64851ab49256c) Importer(815301076,1909f56bfc062723c751e8b465ee728b)  -> (artifact id: '13b26d81557ddec41495c7c3c5ba49f0') in 0.019748 seconds 
  Import took 0.022855 seconds .

========================================================================
Received Import Request.
  Time since last request: 8.429454 seconds.
  path: Assets/UI Prefabs/Achievement.prefab
  artifactKey: Guid(f4622d9bd84f796429359b8c4afe971b) Importer(815301076,1909f56bfc062723c751e8b465ee728b)
Start importing Assets/UI Prefabs/Achievement.prefab using Guid(f4622d9bd84f796429359b8c4afe971b) Importer(815301076,1909f56bfc062723c751e8b465ee728b)  -> (artifact id: '2903e1c69802040400e000c3b5d986b8') in 0.023135 seconds 
  Import took 0.026302 seconds .

========================================================================
Received Import Request.
  Time since last request: 0.001692 seconds.
  path: Assets/UI Prefabs/Achievement.prefab
  artifactKey: Guid(f4622d9bd84f796429359b8c4afe971b) Importer(815301076,1909f56bfc062723c751e8b465ee728b)
Start importing Assets/UI Prefabs/Achievement.prefab using Guid(f4622d9bd84f796429359b8c4afe971b) Importer(815301076,1909f56bfc062723c751e8b465ee728b)  -> (artifact id: '2903e1c69802040400e000c3b5d986b8') in 0.019338 seconds 
  Import took 0.022127 seconds .

========================================================================
Received Import Request.
  Time since last request: 22.509482 seconds.
  path: Assets/UI Prefabs/Achievements.prefab
  artifactKey: Guid(eb4ec74bd806ecb41bff59d200792a1e) Importer(815301076,1909f56bfc062723c751e8b465ee728b)
Start importing Assets/UI Prefabs/Achievements.prefab using Guid(eb4ec74bd806ecb41bff59d200792a1e) Importer(815301076,1909f56bfc062723c751e8b465ee728b)  -> (artifact id: '031c3bb7ebc799c12dc10e0ddeb3b5dd') in 0.033534 seconds 
  Import took 0.036810 seconds .

========================================================================
Received Import Request.
  Time since last request: 31.224529 seconds.
  path: Assets/UI Prefabs/Achievements.prefab
  artifactKey: Guid(eb4ec74bd806ecb41bff59d200792a1e) Importer(815301076,1909f56bfc062723c751e8b465ee728b)
Start importing Assets/UI Prefabs/Achievements.prefab using Guid(eb4ec74bd806ecb41bff59d200792a1e) Importer(815301076,1909f56bfc062723c751e8b465ee728b)  -> (artifact id: '11d246e9fd9e13013efacdf6b405cdaf') in 0.037514 seconds 
  Import took 0.042107 seconds .

========================================================================
Received Import Request.
  Time since last request: 3581.437737 seconds.
  path: Assets/UI Prefabs/Achievements.prefab
  artifactKey: Guid(eb4ec74bd806ecb41bff59d200792a1e) Importer(815301076,1909f56bfc062723c751e8b465ee728b)
Start importing Assets/UI Prefabs/Achievements.prefab using Guid(eb4ec74bd806ecb41bff59d200792a1e) Importer(815301076,1909f56bfc062723c751e8b465ee728b)  -> (artifact id: '0f419fd6ec369915fb7ba509e201f9fe') in 0.038574 seconds 
  Import took 0.043340 seconds .

========================================================================
Received Import Request.
  Time since last request: 82.186144 seconds.
  path: Assets/UI Prefabs/Achievement Group.prefab
  artifactKey: Guid(8750c2def7f5285478f64851ab49256c) Importer(815301076,1909f56bfc062723c751e8b465ee728b)
Start importing Assets/UI Prefabs/Achievement Group.prefab using Guid(8750c2def7f5285478f64851ab49256c) Importer(815301076,1909f56bfc062723c751e8b465ee728b)  -> (artifact id: '1894f48c6f4284839c8c374414cd6501') in 0.019282 seconds 
  Import took 0.022369 seconds .

========================================================================
Received Import Request.
  Time since last request: 0.000153 seconds.
  path: Assets/UI Prefabs/Achievements.prefab
  artifactKey: Guid(eb4ec74bd806ecb41bff59d200792a1e) Importer(815301076,1909f56bfc062723c751e8b465ee728b)
Start importing Assets/UI Prefabs/Achievements.prefab using Guid(eb4ec74bd806ecb41bff59d200792a1e) Importer(815301076,1909f56bfc062723c751e8b465ee728b)  -> (artifact id: 'c55314ad49877734c8d0ddc95427e7a1') in 0.039128 seconds 
  Import took 0.043126 seconds .

========================================================================
Received Import Request.
  Time since last request: 32.192897 seconds.
  path: Assets/UI Prefabs/Achievement Group.prefab
  artifactKey: Guid(8750c2def7f5285478f64851ab49256c) Importer(815301076,1909f56bfc062723c751e8b465ee728b)
Start importing Assets/UI Prefabs/Achievement Group.prefab using Guid(8750c2def7f5285478f64851ab49256c) Importer(815301076,1909f56bfc062723c751e8b465ee728b)  -> (artifact id: '20592799542e959b677990b4f18d82e9') in 0.018559 seconds 
  Import took 0.021565 seconds .

========================================================================
Received Import Request.
  Time since last request: 0.000143 seconds.
  path: Assets/UI Prefabs/Achievements.prefab
  artifactKey: Guid(eb4ec74bd806ecb41bff59d200792a1e) Importer(815301076,1909f56bfc062723c751e8b465ee728b)
Start importing Assets/UI Prefabs/Achievements.prefab using Guid(eb4ec74bd806ecb41bff59d200792a1e) Importer(815301076,1909f56bfc062723c751e8b465ee728b)  -> (artifact id: '70feaf408c8f7b28b5e0bb1c6d8b18c2') in 0.038532 seconds 
  Import took 0.042159 seconds .

========================================================================
Received Import Request.
  Time since last request: 19.953632 seconds.
  path: Assets/UI Prefabs/Achievements Panel.prefab
  artifactKey: Guid(eb4ec74bd806ecb41bff59d200792a1e) Importer(815301076,1909f56bfc062723c751e8b465ee728b)
Start importing Assets/UI Prefabs/Achievements Panel.prefab using Guid(eb4ec74bd806ecb41bff59d200792a1e) Importer(815301076,1909f56bfc062723c751e8b465ee728b)  -> (artifact id: '9665d9fff80b5ac12417e4b81f9f97cd') in 0.041594 seconds 
  Import took 0.045694 seconds .

AssetImportWorkerClient::OnTransportError - code=2 error=End of file
