Using pre-set license
Built from '2020.3/staging' branch; Version is '2020.3.17f1 (a4537701e4ab) revision 10769271'; Using compiler version '192528614'; Build Type 'Release'
OS: 'Windows 10 Pro; OS build 19044.1526; Version 2009; 64bit' Language: 'en' Physical Memory: 32694 MB
BatchMode: 1, IsHumanControllingUs: 0, StartBugReporterOnCrash: 0, Is64bit: 1, IsPro: 0

COMMAND LINE ARGUMENTS:
C:\Program Files\Unity\Hub\Editor\2020.3.17f1\Editor\Unity.exe
-adb2
-batchMode
-noUpm
-name
AssetImportWorker0
-projectPath
C:/Users/Dan/Desktop/Magicon Unity Client
-logFile
Logs/AssetImportWorker0.log
-srvPort
61425
Successfully changed project path to: C:/Users/Dan/Desktop/Magicon Unity Client
C:/Users/Dan/Desktop/Magicon Unity Client
Using Asset Import Pipeline V2.
Refreshing native plugins compatible for Editor in 38.14 ms, found 3 plugins.
Preloading 0 native plugins for Editor in 0.00 ms.
Initialize engine version: 2020.3.17f1 (a4537701e4ab)
[Subsystems] Discovering subsystems at path C:/Program Files/Unity/Hub/Editor/2020.3.17f1/Editor/Data/Resources/UnitySubsystems
[Subsystems] Discovering subsystems at path C:/Users/Dan/Desktop/Magicon Unity Client/Assets
GfxDevice: creating device client; threaded=0
Direct3D:
    Version:  Direct3D 11.0 [level 11.1]
    Renderer: NVIDIA GeForce GTX 1060 3GB (ID=0x1c02)
    Vendor:   
    VRAM:     2988 MB
    Driver:   27.21.14.6589
Initialize mono
Mono path[0] = 'C:/Program Files/Unity/Hub/Editor/2020.3.17f1/Editor/Data/Managed'
Mono path[1] = 'C:/Program Files/Unity/Hub/Editor/2020.3.17f1/Editor/Data/MonoBleedingEdge/lib/mono/unityjit'
Mono config path = 'C:/Program Files/Unity/Hub/Editor/2020.3.17f1/Editor/Data/MonoBleedingEdge/etc'
Using monoOptions --debugger-agent=transport=dt_socket,embedding=1,server=y,suspend=n,address=127.0.0.1:56928
Begin MonoManager ReloadAssembly
Registering precompiled unity dll's ...
Register platform support module: C:/Program Files/Unity/Hub/Editor/2020.3.17f1/Editor/Data/PlaybackEngines/WebGLSupport/UnityEditor.WebGL.Extensions.dll
Register platform support module: C:/Program Files/Unity/Hub/Editor/2020.3.17f1/Editor/Data/PlaybackEngines/WindowsStandaloneSupport/UnityEditor.WindowsStandalone.Extensions.dll
Registered in 0.002063 seconds.
Native extension for WindowsStandalone target not found
Native extension for WebGL target not found
Refreshing native plugins compatible for Editor in 41.19 ms, found 3 plugins.
Preloading 0 native plugins for Editor in 0.00 ms.
Mono: successfully reloaded assembly
- Completed reload, in  0.967 seconds
Domain Reload Profiling:
	ReloadAssembly (967ms)
		BeginReloadAssembly (42ms)
			ExecutionOrderSort (0ms)
			DisableScriptedObjects (0ms)
			BackupInstance (0ms)
			ReleaseScriptingObjects (0ms)
			CreateAndSetChildDomain (1ms)
		EndReloadAssembly (350ms)
			LoadAssemblies (40ms)
			RebuildTransferFunctionScriptingTraits (0ms)
			SetupTypeCache (126ms)
			ReleaseScriptCaches (0ms)
			RebuildScriptCaches (26ms)
			SetupLoadedEditorAssemblies (145ms)
				LogAssemblyErrors (0ms)
				InitializePlatformSupportModulesInManaged (4ms)
				SetLoadedEditorAssemblies (0ms)
				RefreshPlugins (41ms)
				BeforeProcessingInitializeOnLoad (10ms)
				ProcessInitializeOnLoadAttributes (67ms)
				ProcessInitializeOnLoadMethodAttributes (23ms)
				AfterProcessingInitializeOnLoad (0ms)
				EditorAssembliesLoaded (0ms)
			ExecutionOrderSort2 (0ms)
			AwakeInstancesAfterBackupRestoration (0ms)
Platform modules already initialized, skipping
Registering precompiled user dll's ...
Registered in 0.003391 seconds.
Begin MonoManager ReloadAssembly
Native extension for WindowsStandalone target not found
Native extension for WebGL target not found
Refreshing native plugins compatible for Editor in 47.63 ms, found 3 plugins.
Preloading 0 native plugins for Editor in 0.00 ms.
Mono: successfully reloaded assembly
- Completed reload, in  0.952 seconds
Domain Reload Profiling:
	ReloadAssembly (953ms)
		BeginReloadAssembly (117ms)
			ExecutionOrderSort (0ms)
			DisableScriptedObjects (4ms)
			BackupInstance (0ms)
			ReleaseScriptingObjects (0ms)
			CreateAndSetChildDomain (14ms)
		EndReloadAssembly (783ms)
			LoadAssemblies (71ms)
			RebuildTransferFunctionScriptingTraits (0ms)
			SetupTypeCache (233ms)
			ReleaseScriptCaches (0ms)
			RebuildScriptCaches (40ms)
			SetupLoadedEditorAssemblies (344ms)
				LogAssemblyErrors (0ms)
				InitializePlatformSupportModulesInManaged (4ms)
				SetLoadedEditorAssemblies (0ms)
				RefreshPlugins (48ms)
				BeforeProcessingInitializeOnLoad (61ms)
				ProcessInitializeOnLoadAttributes (218ms)
				ProcessInitializeOnLoadMethodAttributes (9ms)
				AfterProcessingInitializeOnLoad (4ms)
				EditorAssembliesLoaded (0ms)
			ExecutionOrderSort2 (0ms)
			AwakeInstancesAfterBackupRestoration (5ms)
Platform modules already initialized, skipping
========================================================================
Worker process is ready to serve import requests
Launched and connected shader compiler UnityShaderCompiler.exe after 0.07 seconds
Refreshing native plugins compatible for Editor in 0.47 ms, found 3 plugins.
Preloading 0 native plugins for Editor in 0.00 ms.
Unloading 2104 Unused Serialized files (Serialized files now loaded: 0)
System memory in use before: 95.4 MB.
System memory in use after: 95.4 MB.

Unloading 28 unused Assets to reduce memory usage. Loaded Objects now: 2542.
Total: 2.813000 ms (FindLiveObjects: 0.191500 ms CreateObjectMapping: 0.047800 ms MarkObjects: 2.516400 ms  DeleteObjects: 0.056600 ms)

AssetImportParameters requested are different than current active one (requested -> active):
  custom:framework-win-MediaFoundation: 216162199b28c13a410421893ffa2e32 -> 
  custom:video-decoder-ogg-theora: a1e56fd34408186e4bbccfd4996cb3dc -> 
  custom:container-muxer-webm: aa71ff27fc2769a1b78a27578f13a17b -> 
  custom:container-demuxer-webm: 4f35f7cbe854078d1ac9338744f61a02 -> 
  custom:container-demuxer-ogg: 62fdf1f143b41e24485cea50d1cbac27 -> 
  custom:video-encoder-webm-vp8: eb34c28f22e8b96e1ab97ce403110664 -> 
  custom:video-codec-MediaFoundation-h265: 746d11721c4dcdbdad8f713fa42b33f4 -> 
  custom:video-decoder-webm-vp8: 9c59270c3fd7afecdb556c50c9e8de78 -> 
  custom:audio-decoder-ogg-vorbis: bf7c407c2cedff20999df2af8eb42d56 -> 
  custom:audio-encoder-webm-vorbis: bf7c407c2cedff20999df2af8eb42d56 -> 
========================================================================
Received Import Request.
  path: Assets/UI Prefabs/Home Screen Panel.prefab
  artifactKey: Guid(2c99fe9b1e3da6b479a021ea2ea4d79e) Importer(815301076,1909f56bfc062723c751e8b465ee728b)
Start importing Assets/UI Prefabs/Home Screen Panel.prefab using Guid(2c99fe9b1e3da6b479a021ea2ea4d79e) Importer(815301076,1909f56bfc062723c751e8b465ee728b)  -> (artifact id: 'edca3e0f6cf0974950f5a7edf4fad53e') in 0.110643 seconds 
  Import took 0.113896 seconds .

========================================================================
Received Import Request.
  Time since last request: 60.214986 seconds.
  path: Assets/UI Prefabs/Home Screen Panel.prefab
  artifactKey: Guid(2c99fe9b1e3da6b479a021ea2ea4d79e) Importer(815301076,1909f56bfc062723c751e8b465ee728b)
Start importing Assets/UI Prefabs/Home Screen Panel.prefab using Guid(2c99fe9b1e3da6b479a021ea2ea4d79e) Importer(815301076,1909f56bfc062723c751e8b465ee728b)  -> (artifact id: 'bcbafc85ec61e37bdabc7ad8b9d730e1') in 0.030070 seconds 
  Import took 0.033598 seconds .

========================================================================
Received Import Request.
  Time since last request: 4045.591438 seconds.
  path: Assets/UI Prefabs/Home Screen Panel.prefab
  artifactKey: Guid(2c99fe9b1e3da6b479a021ea2ea4d79e) Importer(815301076,1909f56bfc062723c751e8b465ee728b)
Start importing Assets/UI Prefabs/Home Screen Panel.prefab using Guid(2c99fe9b1e3da6b479a021ea2ea4d79e) Importer(815301076,1909f56bfc062723c751e8b465ee728b)  -> (artifact id: '62f0498f9fc2f0beebbce1f812c43beb') in 0.040197 seconds 
  Import took 0.045161 seconds .

========================================================================
Received Import Request.
  Time since last request: 267.413443 seconds.
  path: Assets/UI Prefabs/Settings Panel.prefab
  artifactKey: Guid(d98854f337f339247b5ec5eaf5ceae97) Importer(815301076,1909f56bfc062723c751e8b465ee728b)
Start importing Assets/UI Prefabs/Settings Panel.prefab using Guid(d98854f337f339247b5ec5eaf5ceae97) Importer(815301076,1909f56bfc062723c751e8b465ee728b)  -> (artifact id: '1c92bbaa33d0eb99b626cdfaf50d44f2') in 0.033943 seconds 
  Import took 0.037240 seconds .

========================================================================
Received Import Request.
  Time since last request: 1771.005210 seconds.
  path: Assets/UI Prefabs/Account Mail Panel.prefab
  artifactKey: Guid(e5d13e725de8b3a4487ae8a6836f1fc8) Importer(815301076,1909f56bfc062723c751e8b465ee728b)
Start importing Assets/UI Prefabs/Account Mail Panel.prefab using Guid(e5d13e725de8b3a4487ae8a6836f1fc8) Importer(815301076,1909f56bfc062723c751e8b465ee728b)  -> (artifact id: '84d5ed372193822dd008e835f0009d58') in 0.042753 seconds 
  Import took 0.046534 seconds .

========================================================================
Received Import Request.
  Time since last request: 468.762255 seconds.
  path: Assets/UI Prefabs/Account Mail Panel.prefab
  artifactKey: Guid(e5d13e725de8b3a4487ae8a6836f1fc8) Importer(815301076,1909f56bfc062723c751e8b465ee728b)
Start importing Assets/UI Prefabs/Account Mail Panel.prefab using Guid(e5d13e725de8b3a4487ae8a6836f1fc8) Importer(815301076,1909f56bfc062723c751e8b465ee728b)  -> (artifact id: 'e6b5ad86770cf048f8d802cb7bbb9d6c') in 0.034109 seconds 
  Import took 0.037840 seconds .

========================================================================
Received Import Request.
  Time since last request: 1329.171120 seconds.
  path: Assets/UI Prefabs/Shop Panel.prefab
  artifactKey: Guid(dc15fe03d8fdfe143b6b821a128f357e) Importer(815301076,1909f56bfc062723c751e8b465ee728b)
Start importing Assets/UI Prefabs/Shop Panel.prefab using Guid(dc15fe03d8fdfe143b6b821a128f357e) Importer(815301076,1909f56bfc062723c751e8b465ee728b)  -> (artifact id: '22d1d5f6f77d79bd8f69c56bb95a8665') in 0.033224 seconds 
  Import took 0.036706 seconds .

========================================================================
Received Import Request.
  Time since last request: 47.112675 seconds.
  path: Assets/UI Prefabs/Shop Panel.prefab
  artifactKey: Guid(dc15fe03d8fdfe143b6b821a128f357e) Importer(815301076,1909f56bfc062723c751e8b465ee728b)
Start importing Assets/UI Prefabs/Shop Panel.prefab using Guid(dc15fe03d8fdfe143b6b821a128f357e) Importer(815301076,1909f56bfc062723c751e8b465ee728b)  -> (artifact id: '932ba1f5d7c7a56dc9a5974a6de7d3a7') in 0.031716 seconds 
  Import took 0.034967 seconds .

========================================================================
Received Import Request.
  Time since last request: 111.124544 seconds.
  path: Assets/UI Prefabs/Shop Panel.prefab
  artifactKey: Guid(dc15fe03d8fdfe143b6b821a128f357e) Importer(815301076,1909f56bfc062723c751e8b465ee728b)
Start importing Assets/UI Prefabs/Shop Panel.prefab using Guid(dc15fe03d8fdfe143b6b821a128f357e) Importer(815301076,1909f56bfc062723c751e8b465ee728b)  -> (artifact id: '3de7ed18296d47656fd07ead0e7916cf') in 0.027058 seconds 
  Import took 0.030512 seconds .

========================================================================
Received Import Request.
  Time since last request: 1557.620872 seconds.
  path: Assets/UI Prefabs/Summons Panel.prefab
  artifactKey: Guid(3930caa7f161e1245a14379323468b6c) Importer(815301076,1909f56bfc062723c751e8b465ee728b)
Start importing Assets/UI Prefabs/Summons Panel.prefab using Guid(3930caa7f161e1245a14379323468b6c) Importer(815301076,1909f56bfc062723c751e8b465ee728b)  -> (artifact id: 'f5eb4182406b2569647062281da341db') in 0.032131 seconds 
  Import took 0.035865 seconds .

========================================================================
Received Import Request.
  Time since last request: 115.393114 seconds.
  path: Assets/UI Prefabs/Friends Panel.prefab
  artifactKey: Guid(5dde1e255c38c924da11b28408a3461f) Importer(815301076,1909f56bfc062723c751e8b465ee728b)
Start importing Assets/UI Prefabs/Friends Panel.prefab using Guid(5dde1e255c38c924da11b28408a3461f) Importer(815301076,1909f56bfc062723c751e8b465ee728b)  -> (artifact id: '9a22bf973e8cb95eb4b14b738928fe62') in 0.050787 seconds 
  Import took 0.054174 seconds .

========================================================================
Received Import Request.
  Time since last request: 94.851708 seconds.
  path: Assets/UI Prefabs/Friends Panel.prefab
  artifactKey: Guid(5dde1e255c38c924da11b28408a3461f) Importer(815301076,1909f56bfc062723c751e8b465ee728b)
Start importing Assets/UI Prefabs/Friends Panel.prefab using Guid(5dde1e255c38c924da11b28408a3461f) Importer(815301076,1909f56bfc062723c751e8b465ee728b)  -> (artifact id: '4fc4a907ba8bee2570201c817f99098e') in 0.028071 seconds 
  Import took 0.031411 seconds .

========================================================================
Received Import Request.
  Time since last request: 81.869005 seconds.
  path: Assets/UI Prefabs/Exit Dialog Panel.prefab
  artifactKey: Guid(d9dea3e07aff7bd4c89f3d06a0b4f1ef) Importer(815301076,1909f56bfc062723c751e8b465ee728b)
Start importing Assets/UI Prefabs/Exit Dialog Panel.prefab using Guid(d9dea3e07aff7bd4c89f3d06a0b4f1ef) Importer(815301076,1909f56bfc062723c751e8b465ee728b)  -> (artifact id: '9235c46a523916a52e95f1e5b99b3365') in 0.031086 seconds 
  Import took 0.034253 seconds .

========================================================================
Received Import Request.
  Time since last request: 26597.779185 seconds.
  path: Assets/UI Prefabs/Exit Dialog Panel.prefab
  artifactKey: Guid(d9dea3e07aff7bd4c89f3d06a0b4f1ef) Importer(815301076,1909f56bfc062723c751e8b465ee728b)
Start importing Assets/UI Prefabs/Exit Dialog Panel.prefab using Guid(d9dea3e07aff7bd4c89f3d06a0b4f1ef) Importer(815301076,1909f56bfc062723c751e8b465ee728b)  -> (artifact id: 'c0b9ae675ac29a9962431270c7810b5d') in 0.030729 seconds 
  Import took 0.036194 seconds .

========================================================================
Received Import Request.
  Time since last request: 774.365173 seconds.
  path: Assets/UI Prefabs/Bottom Navbar.prefab
  artifactKey: Guid(7145a5a3462828b47b1ccafaad918b14) Importer(815301076,1909f56bfc062723c751e8b465ee728b)
Start importing Assets/UI Prefabs/Bottom Navbar.prefab using Guid(7145a5a3462828b47b1ccafaad918b14) Importer(815301076,1909f56bfc062723c751e8b465ee728b)  -> (artifact id: '50bd59fedca3bacc684b2e238059b5ec') in 0.023672 seconds 
  Import took 0.026951 seconds .

========================================================================
Received Import Request.
  Time since last request: 0.000163 seconds.
  path: Assets/UI Prefabs/Characters Panel.prefab
  artifactKey: Guid(65e7cd075c82844428c9d09f1e31a55a) Importer(815301076,1909f56bfc062723c751e8b465ee728b)
Start importing Assets/UI Prefabs/Characters Panel.prefab using Guid(65e7cd075c82844428c9d09f1e31a55a) Importer(815301076,1909f56bfc062723c751e8b465ee728b)  -> (artifact id: '96e0f1bdb819fd5463acd697130b9cfa') in 0.044891 seconds 
  Import took 0.048231 seconds .

========================================================================
Received Import Request.
  Time since last request: 0.000155 seconds.
  path: Assets/UI Prefabs/Home Screen Panel.prefab
  artifactKey: Guid(2c99fe9b1e3da6b479a021ea2ea4d79e) Importer(815301076,1909f56bfc062723c751e8b465ee728b)
Start importing Assets/UI Prefabs/Home Screen Panel.prefab using Guid(2c99fe9b1e3da6b479a021ea2ea4d79e) Importer(815301076,1909f56bfc062723c751e8b465ee728b)  -> (artifact id: 'b0e6fa678390b48161ce224b531b1b7b') in 0.038532 seconds 
  Import took 0.041508 seconds .

========================================================================
Received Import Request.
  Time since last request: 6.565059 seconds.
  path: Assets/UI Prefabs/Navbar Button.prefab
  artifactKey: Guid(e1da3b5deec1cdf4184030daa46794e0) Importer(815301076,1909f56bfc062723c751e8b465ee728b)
Start importing Assets/UI Prefabs/Navbar Button.prefab using Guid(e1da3b5deec1cdf4184030daa46794e0) Importer(815301076,1909f56bfc062723c751e8b465ee728b)  -> (artifact id: '12d67670ba0ecfd5ed4562cebef7c036') in 0.023155 seconds 
  Import took 0.026335 seconds .

========================================================================
Received Import Request.
  Time since last request: 0.000869 seconds.
  path: Assets/UI Prefabs/Navbar Button.prefab
  artifactKey: Guid(e1da3b5deec1cdf4184030daa46794e0) Importer(815301076,1909f56bfc062723c751e8b465ee728b)
Start importing Assets/UI Prefabs/Navbar Button.prefab using Guid(e1da3b5deec1cdf4184030daa46794e0) Importer(815301076,1909f56bfc062723c751e8b465ee728b)  -> (artifact id: '12d67670ba0ecfd5ed4562cebef7c036') in 0.018056 seconds 
  Import took 0.020850 seconds .

========================================================================
Received Import Request.
  Time since last request: 163.519807 seconds.
  path: Assets/UI Prefabs/Bottom Navbar.prefab
  artifactKey: Guid(7145a5a3462828b47b1ccafaad918b14) Importer(815301076,1909f56bfc062723c751e8b465ee728b)
Start importing Assets/UI Prefabs/Bottom Navbar.prefab using Guid(7145a5a3462828b47b1ccafaad918b14) Importer(815301076,1909f56bfc062723c751e8b465ee728b)  -> (artifact id: 'f82f3e5094cda9c00f455ecb7627371f') in 0.020816 seconds 
  Import took 0.023804 seconds .

========================================================================
Received Import Request.
  Time since last request: 0.000162 seconds.
  path: Assets/UI Prefabs/Characters Panel.prefab
  artifactKey: Guid(65e7cd075c82844428c9d09f1e31a55a) Importer(815301076,1909f56bfc062723c751e8b465ee728b)
Start importing Assets/UI Prefabs/Characters Panel.prefab using Guid(65e7cd075c82844428c9d09f1e31a55a) Importer(815301076,1909f56bfc062723c751e8b465ee728b)  -> (artifact id: '0d1d54dbcc1f67d664783d246eae021d') in 0.037002 seconds 
  Import took 0.040514 seconds .

========================================================================
Received Import Request.
  Time since last request: 0.000138 seconds.
  path: Assets/UI Prefabs/Home Screen Panel.prefab
  artifactKey: Guid(2c99fe9b1e3da6b479a021ea2ea4d79e) Importer(815301076,1909f56bfc062723c751e8b465ee728b)
Start importing Assets/UI Prefabs/Home Screen Panel.prefab using Guid(2c99fe9b1e3da6b479a021ea2ea4d79e) Importer(815301076,1909f56bfc062723c751e8b465ee728b)  -> (artifact id: 'e65888bcd8878437917300fddf73c4ef') in 0.036118 seconds 
  Import took 0.039257 seconds .

========================================================================
Received Import Request.
  Time since last request: 130.968286 seconds.
  path: Assets/UI Prefabs/Characters Panel.prefab
  artifactKey: Guid(65e7cd075c82844428c9d09f1e31a55a) Importer(815301076,1909f56bfc062723c751e8b465ee728b)
Start importing Assets/UI Prefabs/Characters Panel.prefab using Guid(65e7cd075c82844428c9d09f1e31a55a) Importer(815301076,1909f56bfc062723c751e8b465ee728b)  -> (artifact id: 'b8718939a0f3c3259d885957078bf6ee') in 0.040336 seconds 
  Import took 0.044322 seconds .

========================================================================
Received Import Request.
  Time since last request: 138.984698 seconds.
  path: Assets/UI Prefabs/Characters Panel.prefab
  artifactKey: Guid(65e7cd075c82844428c9d09f1e31a55a) Importer(815301076,1909f56bfc062723c751e8b465ee728b)
Start importing Assets/UI Prefabs/Characters Panel.prefab using Guid(65e7cd075c82844428c9d09f1e31a55a) Importer(815301076,1909f56bfc062723c751e8b465ee728b)  -> (artifact id: 'b4e0db4de966a43d84cc50c783ae0be8') in 0.040068 seconds 
  Import took 0.043928 seconds .

========================================================================
Received Import Request.
  Time since last request: 83.699396 seconds.
  path: Assets/UI Prefabs/Characters Panel.prefab
  artifactKey: Guid(65e7cd075c82844428c9d09f1e31a55a) Importer(815301076,1909f56bfc062723c751e8b465ee728b)
Start importing Assets/UI Prefabs/Characters Panel.prefab using Guid(65e7cd075c82844428c9d09f1e31a55a) Importer(815301076,1909f56bfc062723c751e8b465ee728b)  -> (artifact id: 'ede031fb228c57093c16c7ff886880d0') in 0.039822 seconds 
  Import took 0.043705 seconds .

========================================================================
Received Import Request.
  Time since last request: 0.000142 seconds.
  path: Assets/UI Prefabs/Side Panel.prefab
  artifactKey: Guid(672d3bdf8966a1149a8df5a92898e51d) Importer(815301076,1909f56bfc062723c751e8b465ee728b)
Start importing Assets/UI Prefabs/Side Panel.prefab using Guid(672d3bdf8966a1149a8df5a92898e51d) Importer(815301076,1909f56bfc062723c751e8b465ee728b)  -> (artifact id: 'c00a5e00e99802481a4ee079ed84aac4') in 0.023380 seconds 
  Import took 0.026132 seconds .

========================================================================
Received Import Request.
  Time since last request: 21.744501 seconds.
  path: Assets/UI Prefabs/Sidepanel Button.prefab
  artifactKey: Guid(e63bc0f9c941eb14fa31ca6a352ac1a3) Importer(815301076,1909f56bfc062723c751e8b465ee728b)
Start importing Assets/UI Prefabs/Sidepanel Button.prefab using Guid(e63bc0f9c941eb14fa31ca6a352ac1a3) Importer(815301076,1909f56bfc062723c751e8b465ee728b)  -> (artifact id: 'd82573eb4cfe2c744da6ee84f90d2b87') in 0.022127 seconds 
  Import took 0.025191 seconds .

========================================================================
Received Import Request.
  Time since last request: 0.002002 seconds.
  path: Assets/UI Prefabs/Sidepanel Button.prefab
  artifactKey: Guid(e63bc0f9c941eb14fa31ca6a352ac1a3) Importer(815301076,1909f56bfc062723c751e8b465ee728b)
Start importing Assets/UI Prefabs/Sidepanel Button.prefab using Guid(e63bc0f9c941eb14fa31ca6a352ac1a3) Importer(815301076,1909f56bfc062723c751e8b465ee728b)  -> (artifact id: 'd82573eb4cfe2c744da6ee84f90d2b87') in 0.023580 seconds 
  Import took 0.027177 seconds .

========================================================================
Received Import Request.
  Time since last request: 145.372969 seconds.
  path: Assets/UI Prefabs/Characters Panel.prefab
  artifactKey: Guid(65e7cd075c82844428c9d09f1e31a55a) Importer(815301076,1909f56bfc062723c751e8b465ee728b)
Start importing Assets/UI Prefabs/Characters Panel.prefab using Guid(65e7cd075c82844428c9d09f1e31a55a) Importer(815301076,1909f56bfc062723c751e8b465ee728b)  -> (artifact id: '7c3a1426a5daa582ebdacacf30210739') in 0.039897 seconds 
  Import took 0.043834 seconds .

========================================================================
Received Import Request.
  Time since last request: 0.000176 seconds.
  path: Assets/UI Prefabs/Side Panel.prefab
  artifactKey: Guid(672d3bdf8966a1149a8df5a92898e51d) Importer(815301076,1909f56bfc062723c751e8b465ee728b)
Start importing Assets/UI Prefabs/Side Panel.prefab using Guid(672d3bdf8966a1149a8df5a92898e51d) Importer(815301076,1909f56bfc062723c751e8b465ee728b)  -> (artifact id: '67d73568a99c4d85feacd5b58a3ad536') in 0.021080 seconds 
  Import took 0.024125 seconds .

========================================================================
Received Import Request.
  Time since last request: 16.330232 seconds.
  path: Assets/UI Prefabs/Characters Panel.prefab
  artifactKey: Guid(65e7cd075c82844428c9d09f1e31a55a) Importer(815301076,1909f56bfc062723c751e8b465ee728b)
Start importing Assets/UI Prefabs/Characters Panel.prefab using Guid(65e7cd075c82844428c9d09f1e31a55a) Importer(815301076,1909f56bfc062723c751e8b465ee728b)  -> (artifact id: '0aae842fcbea8072867fe9de47090c6a') in 0.041669 seconds 
  Import took 0.045489 seconds .

========================================================================
Received Import Request.
  Time since last request: 0.000144 seconds.
  path: Assets/UI Prefabs/Side Panel.prefab
  artifactKey: Guid(672d3bdf8966a1149a8df5a92898e51d) Importer(815301076,1909f56bfc062723c751e8b465ee728b)
Start importing Assets/UI Prefabs/Side Panel.prefab using Guid(672d3bdf8966a1149a8df5a92898e51d) Importer(815301076,1909f56bfc062723c751e8b465ee728b)  -> (artifact id: 'a16cecd927353beccc45ddbe0d37a1c8') in 0.019578 seconds 
  Import took 0.022287 seconds .

========================================================================
Received Import Request.
  Time since last request: 0.000157 seconds.
  path: Assets/UI Prefabs/Sidepanel Button.prefab
  artifactKey: Guid(e63bc0f9c941eb14fa31ca6a352ac1a3) Importer(815301076,1909f56bfc062723c751e8b465ee728b)
Start importing Assets/UI Prefabs/Sidepanel Button.prefab using Guid(e63bc0f9c941eb14fa31ca6a352ac1a3) Importer(815301076,1909f56bfc062723c751e8b465ee728b)  -> (artifact id: '9adf55d79db1ef10af978e6bccef9bee') in 0.019816 seconds 
  Import took 0.022614 seconds .

========================================================================
Received Import Request.
  Time since last request: 126.790116 seconds.
  path: Assets/UI Prefabs/Characters Panel.prefab
  artifactKey: Guid(65e7cd075c82844428c9d09f1e31a55a) Importer(815301076,1909f56bfc062723c751e8b465ee728b)
Start importing Assets/UI Prefabs/Characters Panel.prefab using Guid(65e7cd075c82844428c9d09f1e31a55a) Importer(815301076,1909f56bfc062723c751e8b465ee728b)  -> (artifact id: '0f74b2cbde71977031e0eb7ace569a92') in 0.040534 seconds 
  Import took 0.044435 seconds .

========================================================================
Received Import Request.
  Time since last request: 6.573908 seconds.
  path: Assets/UI Prefabs/Characters Panel.prefab
  artifactKey: Guid(65e7cd075c82844428c9d09f1e31a55a) Importer(815301076,1909f56bfc062723c751e8b465ee728b)
Start importing Assets/UI Prefabs/Characters Panel.prefab using Guid(65e7cd075c82844428c9d09f1e31a55a) Importer(815301076,1909f56bfc062723c751e8b465ee728b)  -> (artifact id: '68d4dda11cb32d696c1b5e3eb657061d') in 0.042055 seconds 
  Import took 0.046064 seconds .

========================================================================
Received Import Request.
  Time since last request: 0.000178 seconds.
  path: Assets/UI Prefabs/Side Panel.prefab
  artifactKey: Guid(672d3bdf8966a1149a8df5a92898e51d) Importer(815301076,1909f56bfc062723c751e8b465ee728b)
Start importing Assets/UI Prefabs/Side Panel.prefab using Guid(672d3bdf8966a1149a8df5a92898e51d) Importer(815301076,1909f56bfc062723c751e8b465ee728b)  -> (artifact id: '39b41bad3bb59168bdacaff68b6fc269') in 0.021113 seconds 
  Import took 0.024312 seconds .

========================================================================
Received Import Request.
  Time since last request: 0.000165 seconds.
  path: Assets/UI Prefabs/Sidepanel Button.prefab
  artifactKey: Guid(e63bc0f9c941eb14fa31ca6a352ac1a3) Importer(815301076,1909f56bfc062723c751e8b465ee728b)
Start importing Assets/UI Prefabs/Sidepanel Button.prefab using Guid(e63bc0f9c941eb14fa31ca6a352ac1a3) Importer(815301076,1909f56bfc062723c751e8b465ee728b)  -> (artifact id: '1f2cc9dd6712a404f9c905c3d0d4393e') in 0.020117 seconds 
  Import took 0.023699 seconds .

========================================================================
Received Import Request.
  Time since last request: 62.972882 seconds.
  path: Assets/UI Prefabs/Characters Panel.prefab
  artifactKey: Guid(65e7cd075c82844428c9d09f1e31a55a) Importer(815301076,1909f56bfc062723c751e8b465ee728b)
Start importing Assets/UI Prefabs/Characters Panel.prefab using Guid(65e7cd075c82844428c9d09f1e31a55a) Importer(815301076,1909f56bfc062723c751e8b465ee728b)  -> (artifact id: 'eaf8f7c3660464d20fa734128802e1aa') in 0.042125 seconds 
  Import took 0.046368 seconds .

========================================================================
Received Import Request.
  Time since last request: 27.752137 seconds.
  path: Assets/UI Prefabs/Bottom Navbar.prefab
  artifactKey: Guid(7145a5a3462828b47b1ccafaad918b14) Importer(815301076,1909f56bfc062723c751e8b465ee728b)
Start importing Assets/UI Prefabs/Bottom Navbar.prefab using Guid(7145a5a3462828b47b1ccafaad918b14) Importer(815301076,1909f56bfc062723c751e8b465ee728b)  -> (artifact id: '4b77d5d97d07e2f991bcdb8ecf9cf73a') in 0.022105 seconds 
  Import took 0.025325 seconds .

========================================================================
Received Import Request.
  Time since last request: 0.000193 seconds.
  path: Assets/UI Prefabs/Characters Panel.prefab
  artifactKey: Guid(65e7cd075c82844428c9d09f1e31a55a) Importer(815301076,1909f56bfc062723c751e8b465ee728b)
Start importing Assets/UI Prefabs/Characters Panel.prefab using Guid(65e7cd075c82844428c9d09f1e31a55a) Importer(815301076,1909f56bfc062723c751e8b465ee728b)  -> (artifact id: 'ccef3f53e990f06b0c55f142b45040e7') in 0.040962 seconds 
  Import took 0.045197 seconds .

========================================================================
Received Import Request.
  Time since last request: 0.000159 seconds.
  path: Assets/UI Prefabs/Home Screen Panel.prefab
  artifactKey: Guid(2c99fe9b1e3da6b479a021ea2ea4d79e) Importer(815301076,1909f56bfc062723c751e8b465ee728b)
Start importing Assets/UI Prefabs/Home Screen Panel.prefab using Guid(2c99fe9b1e3da6b479a021ea2ea4d79e) Importer(815301076,1909f56bfc062723c751e8b465ee728b)  -> (artifact id: 'a0e751bcdf8891668395bf5a078998be') in 0.035577 seconds 
  Import took 0.039011 seconds .

========================================================================
Received Import Request.
  Time since last request: 0.000163 seconds.
  path: Assets/UI Prefabs/Navbar Button.prefab
  artifactKey: Guid(e1da3b5deec1cdf4184030daa46794e0) Importer(815301076,1909f56bfc062723c751e8b465ee728b)
Start importing Assets/UI Prefabs/Navbar Button.prefab using Guid(e1da3b5deec1cdf4184030daa46794e0) Importer(815301076,1909f56bfc062723c751e8b465ee728b)  -> (artifact id: '5ee1e51caa9e4c882de654853af77711') in 0.022443 seconds 
  Import took 0.025040 seconds .

========================================================================
Received Import Request.
  Time since last request: 9.816029 seconds.
  path: Assets/UI Prefabs/Characters Panel.prefab
  artifactKey: Guid(65e7cd075c82844428c9d09f1e31a55a) Importer(815301076,1909f56bfc062723c751e8b465ee728b)
Start importing Assets/UI Prefabs/Characters Panel.prefab using Guid(65e7cd075c82844428c9d09f1e31a55a) Importer(815301076,1909f56bfc062723c751e8b465ee728b)  -> (artifact id: '002b320a94266933dbfd63f96938ccd8') in 0.043116 seconds 
  Import took 0.046987 seconds .

========================================================================
Received Import Request.
  Time since last request: 0.000164 seconds.
  path: Assets/UI Prefabs/Side Panel.prefab
  artifactKey: Guid(672d3bdf8966a1149a8df5a92898e51d) Importer(815301076,1909f56bfc062723c751e8b465ee728b)
Start importing Assets/UI Prefabs/Side Panel.prefab using Guid(672d3bdf8966a1149a8df5a92898e51d) Importer(815301076,1909f56bfc062723c751e8b465ee728b)  -> (artifact id: '52e64c48dade999dfa321c7860442983') in 0.020813 seconds 
  Import took 0.024043 seconds .

========================================================================
Received Import Request.
  Time since last request: 0.000161 seconds.
  path: Assets/UI Prefabs/Sidepanel Button.prefab
  artifactKey: Guid(e63bc0f9c941eb14fa31ca6a352ac1a3) Importer(815301076,1909f56bfc062723c751e8b465ee728b)
Start importing Assets/UI Prefabs/Sidepanel Button.prefab using Guid(e63bc0f9c941eb14fa31ca6a352ac1a3) Importer(815301076,1909f56bfc062723c751e8b465ee728b)  -> (artifact id: '43b03a280e8c20d37cef99c31f7de07d') in 0.018035 seconds 
  Import took 0.020574 seconds .

========================================================================
Received Import Request.
  Time since last request: 422.167359 seconds.
  path: Assets/UI Prefabs/Side Panel
  artifactKey: Guid(aec193ec3426ac643aeea9510f7a29c2) Importer(815301076,1909f56bfc062723c751e8b465ee728b)
Start importing Assets/UI Prefabs/Side Panel using Guid(aec193ec3426ac643aeea9510f7a29c2) Importer(815301076,1909f56bfc062723c751e8b465ee728b)  -> (artifact id: 'f212a01c82939ea08e375269a3998804') in 0.002054 seconds 
  Import took 0.005180 seconds .

========================================================================
Received Import Request.
  Time since last request: 22.890570 seconds.
  path: Assets/UI Prefabs/Navbar
  artifactKey: Guid(da36169498420b148a8426c45fee383e) Importer(815301076,1909f56bfc062723c751e8b465ee728b)
Start importing Assets/UI Prefabs/Navbar using Guid(da36169498420b148a8426c45fee383e) Importer(815301076,1909f56bfc062723c751e8b465ee728b)  -> (artifact id: '926f3f0f76c516eb166113302eafa9f5') in 0.005220 seconds 
  Import took 0.008184 seconds .

========================================================================
Received Import Request.
  Time since last request: 0.000480 seconds.
  path: Assets/UI Prefabs/Navbar
  artifactKey: Guid(da36169498420b148a8426c45fee383e) Importer(815301076,1909f56bfc062723c751e8b465ee728b)
Start importing Assets/UI Prefabs/Navbar using Guid(da36169498420b148a8426c45fee383e) Importer(815301076,1909f56bfc062723c751e8b465ee728b)  -> (artifact id: '926f3f0f76c516eb166113302eafa9f5') in 0.001846 seconds 
  Import took 0.004604 seconds .

========================================================================
Received Import Request.
  Time since last request: 173.078783 seconds.
  path: Assets/UI Prefabs/Characters Panel.prefab
  artifactKey: Guid(65e7cd075c82844428c9d09f1e31a55a) Importer(815301076,1909f56bfc062723c751e8b465ee728b)
Start importing Assets/UI Prefabs/Characters Panel.prefab using Guid(65e7cd075c82844428c9d09f1e31a55a) Importer(815301076,1909f56bfc062723c751e8b465ee728b)  -> (artifact id: '2cf2e6d4064235aba49e4e1588966567') in 0.042059 seconds 
  Import took 0.046120 seconds .

========================================================================
Received Import Request.
  Time since last request: 714.691245 seconds.
  path: Assets/UI Prefabs/Navbar/Bottom Navbar.prefab
  artifactKey: Guid(7145a5a3462828b47b1ccafaad918b14) Importer(815301076,1909f56bfc062723c751e8b465ee728b)
Start importing Assets/UI Prefabs/Navbar/Bottom Navbar.prefab using Guid(7145a5a3462828b47b1ccafaad918b14) Importer(815301076,1909f56bfc062723c751e8b465ee728b)  -> (artifact id: 'c47f001356de95186070e3d7352ed46f') in 0.021760 seconds 
  Import took 0.025314 seconds .

========================================================================
Received Import Request.
  Time since last request: 0.000145 seconds.
  path: Assets/UI Prefabs/Navbar/Navbar Button.prefab
  artifactKey: Guid(e1da3b5deec1cdf4184030daa46794e0) Importer(815301076,1909f56bfc062723c751e8b465ee728b)
Start importing Assets/UI Prefabs/Navbar/Navbar Button.prefab using Guid(e1da3b5deec1cdf4184030daa46794e0) Importer(815301076,1909f56bfc062723c751e8b465ee728b)  -> (artifact id: '9b603509a7eb1715b2f635a348887f32') in 0.018366 seconds 
  Import took 0.021255 seconds .

========================================================================
Received Import Request.
  Time since last request: 5.744129 seconds.
  path: Assets/UI Prefabs/Characters Panel.prefab
  artifactKey: Guid(65e7cd075c82844428c9d09f1e31a55a) Importer(815301076,1909f56bfc062723c751e8b465ee728b)
Start importing Assets/UI Prefabs/Characters Panel.prefab using Guid(65e7cd075c82844428c9d09f1e31a55a) Importer(815301076,1909f56bfc062723c751e8b465ee728b)  -> (artifact id: '4b8718f3ad433363028a89177502d069') in 0.040544 seconds 
  Import took 0.044319 seconds .

========================================================================
Received Import Request.
  Time since last request: 0.000162 seconds.
  path: Assets/UI Prefabs/Home Screen Panel.prefab
  artifactKey: Guid(2c99fe9b1e3da6b479a021ea2ea4d79e) Importer(815301076,1909f56bfc062723c751e8b465ee728b)
Start importing Assets/UI Prefabs/Home Screen Panel.prefab using Guid(2c99fe9b1e3da6b479a021ea2ea4d79e) Importer(815301076,1909f56bfc062723c751e8b465ee728b)  -> (artifact id: 'e4ee38ea83e776941bbbec9ea4312600') in 0.036261 seconds 
  Import took 0.039292 seconds .

========================================================================
Received Import Request.
  Time since last request: 13.420163 seconds.
  path: Assets/UI Prefabs/Characters Panel.prefab
  artifactKey: Guid(65e7cd075c82844428c9d09f1e31a55a) Importer(815301076,1909f56bfc062723c751e8b465ee728b)
Start importing Assets/UI Prefabs/Characters Panel.prefab using Guid(65e7cd075c82844428c9d09f1e31a55a) Importer(815301076,1909f56bfc062723c751e8b465ee728b)  -> (artifact id: '2e2faf989b45aa681334c96580efda40') in 0.041207 seconds 
  Import took 0.045267 seconds .

========================================================================
Received Import Request.
  Time since last request: 1986.845245 seconds.
  path: Assets/UI Prefabs/Account Mail Panel.prefab
  artifactKey: Guid(e5d13e725de8b3a4487ae8a6836f1fc8) Importer(815301076,1909f56bfc062723c751e8b465ee728b)
Start importing Assets/UI Prefabs/Account Mail Panel.prefab using Guid(e5d13e725de8b3a4487ae8a6836f1fc8) Importer(815301076,1909f56bfc062723c751e8b465ee728b)  -> (artifact id: '800efe1f709ed8962c062e4b89de6421') in 0.035353 seconds 
  Import took 0.039345 seconds .

========================================================================
Received Import Request.
  Time since last request: 161.319080 seconds.
  path: Assets/UI Prefabs/Friends Panel.prefab
  artifactKey: Guid(5dde1e255c38c924da11b28408a3461f) Importer(815301076,1909f56bfc062723c751e8b465ee728b)
Start importing Assets/UI Prefabs/Friends Panel.prefab using Guid(5dde1e255c38c924da11b28408a3461f) Importer(815301076,1909f56bfc062723c751e8b465ee728b)  -> (artifact id: 'f475771e3eb48a01b2a0542af71e2893') in 0.031838 seconds 
  Import took 0.035337 seconds .

========================================================================
Received Import Request.
  Time since last request: 189.629672 seconds.
  path: Assets/UI Prefabs/Home Screen Panel.prefab
  artifactKey: Guid(2c99fe9b1e3da6b479a021ea2ea4d79e) Importer(815301076,1909f56bfc062723c751e8b465ee728b)
Start importing Assets/UI Prefabs/Home Screen Panel.prefab using Guid(2c99fe9b1e3da6b479a021ea2ea4d79e) Importer(815301076,1909f56bfc062723c751e8b465ee728b)  -> (artifact id: '5b0384fae0543d7361a72f4d366d2c38') in 0.037123 seconds 
  Import took 0.040571 seconds .

========================================================================
Received Import Request.
  Time since last request: 308.425371 seconds.
  path: Assets/UI Prefabs/Shop Panel.prefab
  artifactKey: Guid(dc15fe03d8fdfe143b6b821a128f357e) Importer(815301076,1909f56bfc062723c751e8b465ee728b)
Start importing Assets/UI Prefabs/Shop Panel.prefab using Guid(dc15fe03d8fdfe143b6b821a128f357e) Importer(815301076,1909f56bfc062723c751e8b465ee728b)  -> (artifact id: '41aae27d8bb5feffdd61b8c9ec597999') in 0.032531 seconds 
  Import took 0.036090 seconds .

========================================================================
Received Import Request.
  Time since last request: 873.595887 seconds.
  path: Assets/UI Prefabs/Summons Panel.prefab
  artifactKey: Guid(3930caa7f161e1245a14379323468b6c) Importer(815301076,1909f56bfc062723c751e8b465ee728b)
Start importing Assets/UI Prefabs/Summons Panel.prefab using Guid(3930caa7f161e1245a14379323468b6c) Importer(815301076,1909f56bfc062723c751e8b465ee728b)  -> (artifact id: 'b762265c3ce6db7a908ee192710a1316') in 0.029780 seconds 
  Import took 0.033520 seconds .

========================================================================
Received Import Request.
  Time since last request: 12.792744 seconds.
  path: Assets/UI Prefabs/Account Mail Panel.prefab
  artifactKey: Guid(e5d13e725de8b3a4487ae8a6836f1fc8) Importer(815301076,1909f56bfc062723c751e8b465ee728b)
Start importing Assets/UI Prefabs/Account Mail Panel.prefab using Guid(e5d13e725de8b3a4487ae8a6836f1fc8) Importer(815301076,1909f56bfc062723c751e8b465ee728b)  -> (artifact id: '343bac93780d266e47a41c0ed5610904') in 0.035321 seconds 
  Import took 0.039168 seconds .

========================================================================
Received Import Request.
  Time since last request: 98.118099 seconds.
  path: Assets/UI Prefabs/Bullet Point.prefab
  artifactKey: Guid(90a5af2c73e89a446b610c1cf62e05c4) Importer(815301076,1909f56bfc062723c751e8b465ee728b)
Start importing Assets/UI Prefabs/Bullet Point.prefab using Guid(90a5af2c73e89a446b610c1cf62e05c4) Importer(815301076,1909f56bfc062723c751e8b465ee728b)  -> (artifact id: '264130638054610023d648ef038ac53e') in 0.021854 seconds 
  Import took 0.024974 seconds .

========================================================================
Received Import Request.
  Time since last request: 0.001040 seconds.
  path: Assets/UI Prefabs/Bullet Point.prefab
  artifactKey: Guid(90a5af2c73e89a446b610c1cf62e05c4) Importer(815301076,1909f56bfc062723c751e8b465ee728b)
Start importing Assets/UI Prefabs/Bullet Point.prefab using Guid(90a5af2c73e89a446b610c1cf62e05c4) Importer(815301076,1909f56bfc062723c751e8b465ee728b)  -> (artifact id: '264130638054610023d648ef038ac53e') in 0.017982 seconds 
  Import took 0.020865 seconds .

========================================================================
Received Import Request.
  Time since last request: 29.823039 seconds.
  path: Assets/UI Prefabs/Characters Panel.prefab
  artifactKey: Guid(65e7cd075c82844428c9d09f1e31a55a) Importer(815301076,1909f56bfc062723c751e8b465ee728b)
Start importing Assets/UI Prefabs/Characters Panel.prefab using Guid(65e7cd075c82844428c9d09f1e31a55a) Importer(815301076,1909f56bfc062723c751e8b465ee728b)  -> (artifact id: 'ccfa59111156d57959ca8e04a618f26c') in 0.041082 seconds 
  Import took 0.045138 seconds .

========================================================================
Received Import Request.
  Time since last request: 69.041828 seconds.
  path: Assets/UI Prefabs/Characters Panel.prefab
  artifactKey: Guid(65e7cd075c82844428c9d09f1e31a55a) Importer(815301076,1909f56bfc062723c751e8b465ee728b)
Start importing Assets/UI Prefabs/Characters Panel.prefab using Guid(65e7cd075c82844428c9d09f1e31a55a) Importer(815301076,1909f56bfc062723c751e8b465ee728b)  -> (artifact id: '37312306e2ec2df314cb1c72a913d9d5') in 0.039503 seconds 
  Import took 0.043723 seconds .

========================================================================
Received Import Request.
  Time since last request: 94.402944 seconds.
  path: Assets/UI Prefabs/Summons Panel.prefab
  artifactKey: Guid(3930caa7f161e1245a14379323468b6c) Importer(815301076,1909f56bfc062723c751e8b465ee728b)
Start importing Assets/UI Prefabs/Summons Panel.prefab using Guid(3930caa7f161e1245a14379323468b6c) Importer(815301076,1909f56bfc062723c751e8b465ee728b)  -> (artifact id: '1eccc0b8574128052ea86ad8630a6bcf') in 0.030773 seconds 
  Import took 0.034468 seconds .

========================================================================
Received Import Request.
  Time since last request: 256.436833 seconds.
  path: Assets/UI Prefabs/Home Screen Panel.prefab
  artifactKey: Guid(2c99fe9b1e3da6b479a021ea2ea4d79e) Importer(815301076,1909f56bfc062723c751e8b465ee728b)
Start importing Assets/UI Prefabs/Home Screen Panel.prefab using Guid(2c99fe9b1e3da6b479a021ea2ea4d79e) Importer(815301076,1909f56bfc062723c751e8b465ee728b)  -> (artifact id: '81d55a81d9c90efd9221f105847348ac') in 0.039264 seconds 
  Import took 0.043324 seconds .

========================================================================
Received Import Request.
  Time since last request: 102.586672 seconds.
  path: Assets/UI Prefabs/Home Screen Panel.prefab
  artifactKey: Guid(2c99fe9b1e3da6b479a021ea2ea4d79e) Importer(815301076,1909f56bfc062723c751e8b465ee728b)
Start importing Assets/UI Prefabs/Home Screen Panel.prefab using Guid(2c99fe9b1e3da6b479a021ea2ea4d79e) Importer(815301076,1909f56bfc062723c751e8b465ee728b)  -> (artifact id: '4d368d311741c7e54cc8d6c6e9b3cbe9') in 0.037556 seconds 
  Import took 0.041052 seconds .

========================================================================
Received Import Request.
  Time since last request: 15.727675 seconds.
  path: Assets/UI Prefabs/Home Screen Panel.prefab
  artifactKey: Guid(2c99fe9b1e3da6b479a021ea2ea4d79e) Importer(815301076,1909f56bfc062723c751e8b465ee728b)
Start importing Assets/UI Prefabs/Home Screen Panel.prefab using Guid(2c99fe9b1e3da6b479a021ea2ea4d79e) Importer(815301076,1909f56bfc062723c751e8b465ee728b)  -> (artifact id: '3870acdd85533fd283c05c697fd725e8') in 0.037182 seconds 
  Import took 0.040723 seconds .

========================================================================
Received Import Request.
  Time since last request: 9.149299 seconds.
  path: Assets/UI Prefabs/Home Screen Panel.prefab
  artifactKey: Guid(2c99fe9b1e3da6b479a021ea2ea4d79e) Importer(815301076,1909f56bfc062723c751e8b465ee728b)
Start importing Assets/UI Prefabs/Home Screen Panel.prefab using Guid(2c99fe9b1e3da6b479a021ea2ea4d79e) Importer(815301076,1909f56bfc062723c751e8b465ee728b)  -> (artifact id: '578306e478402f4ab90ffb3bc0ad2045') in 0.036609 seconds 
  Import took 0.040106 seconds .

========================================================================
Received Import Request.
  Time since last request: 15.409083 seconds.
  path: Assets/UI Prefabs/Hero Info Panel.prefab
  artifactKey: Guid(826750de49969424aab53482f6e0167c) Importer(815301076,1909f56bfc062723c751e8b465ee728b)
Start importing Assets/UI Prefabs/Hero Info Panel.prefab using Guid(826750de49969424aab53482f6e0167c) Importer(815301076,1909f56bfc062723c751e8b465ee728b)  -> (artifact id: '2b61c01e11de7edec735b19ca06c8c0b') in 0.033320 seconds 
  Import took 0.036651 seconds .

========================================================================
Received Import Request.
  Time since last request: 4.886826 seconds.
  path: Assets/UI Prefabs/Home Screen Panel.prefab
  artifactKey: Guid(2c99fe9b1e3da6b479a021ea2ea4d79e) Importer(815301076,1909f56bfc062723c751e8b465ee728b)
Start importing Assets/UI Prefabs/Home Screen Panel.prefab using Guid(2c99fe9b1e3da6b479a021ea2ea4d79e) Importer(815301076,1909f56bfc062723c751e8b465ee728b)  -> (artifact id: '051cd448b48c3effc023fc32c78c19be') in 0.037962 seconds 
  Import took 0.041785 seconds .

========================================================================
Received Import Request.
  Time since last request: 67.678128 seconds.
  path: Assets/UI Prefabs/Summons Panel.prefab
  artifactKey: Guid(3930caa7f161e1245a14379323468b6c) Importer(815301076,1909f56bfc062723c751e8b465ee728b)
Start importing Assets/UI Prefabs/Summons Panel.prefab using Guid(3930caa7f161e1245a14379323468b6c) Importer(815301076,1909f56bfc062723c751e8b465ee728b)  -> (artifact id: 'c2d125da4b4aa064316886b4177b60f9') in 0.039860 seconds 
  Import took 0.043612 seconds .

========================================================================
Received Import Request.
  Time since last request: 216.916312 seconds.
  path: Assets/UI Prefabs/Summons Panel.prefab
  artifactKey: Guid(3930caa7f161e1245a14379323468b6c) Importer(815301076,1909f56bfc062723c751e8b465ee728b)
Start importing Assets/UI Prefabs/Summons Panel.prefab using Guid(3930caa7f161e1245a14379323468b6c) Importer(815301076,1909f56bfc062723c751e8b465ee728b)  -> (artifact id: 'b1695f53de7e7cf5364fdd2f85080f64') in 0.039774 seconds 
  Import took 0.043852 seconds .

========================================================================
Received Import Request.
  Time since last request: 14.677444 seconds.
  path: Assets/UI Prefabs/Summons Panel.prefab
  artifactKey: Guid(3930caa7f161e1245a14379323468b6c) Importer(815301076,1909f56bfc062723c751e8b465ee728b)
Start importing Assets/UI Prefabs/Summons Panel.prefab using Guid(3930caa7f161e1245a14379323468b6c) Importer(815301076,1909f56bfc062723c751e8b465ee728b)  -> (artifact id: '05569d16c9632c7a1e708fdce645c04d') in 0.040051 seconds 
  Import took 0.043843 seconds .

========================================================================
Received Import Request.
  Time since last request: 63.956509 seconds.
  path: Assets/UI Prefabs/Summons Panel.prefab
  artifactKey: Guid(3930caa7f161e1245a14379323468b6c) Importer(815301076,1909f56bfc062723c751e8b465ee728b)
Start importing Assets/UI Prefabs/Summons Panel.prefab using Guid(3930caa7f161e1245a14379323468b6c) Importer(815301076,1909f56bfc062723c751e8b465ee728b)  -> (artifact id: '5db6a8058c1c0454fa933c974718707e') in 0.039214 seconds 
  Import took 0.042901 seconds .

========================================================================
Received Import Request.
  Time since last request: 86.361665 seconds.
  path: Assets/UI Prefabs/Bullet Point.prefab
  artifactKey: Guid(90a5af2c73e89a446b610c1cf62e05c4) Importer(815301076,1909f56bfc062723c751e8b465ee728b)
Start importing Assets/UI Prefabs/Bullet Point.prefab using Guid(90a5af2c73e89a446b610c1cf62e05c4) Importer(815301076,1909f56bfc062723c751e8b465ee728b)  -> (artifact id: '9617fc3fc8c9b3a66126c02ecf09a6a4') in 0.018065 seconds 
  Import took 0.021052 seconds .

========================================================================
Received Import Request.
  Time since last request: 0.000141 seconds.
  path: Assets/UI Prefabs/Characters Panel.prefab
  artifactKey: Guid(65e7cd075c82844428c9d09f1e31a55a) Importer(815301076,1909f56bfc062723c751e8b465ee728b)
Start importing Assets/UI Prefabs/Characters Panel.prefab using Guid(65e7cd075c82844428c9d09f1e31a55a) Importer(815301076,1909f56bfc062723c751e8b465ee728b)  -> (artifact id: 'a49c2720d16fe6bb0323533b878dc1a0') in 0.041418 seconds 
  Import took 0.044830 seconds .

========================================================================
Received Import Request.
  Time since last request: 0.000158 seconds.
  path: Assets/UI Prefabs/Summons Panel.prefab
  artifactKey: Guid(3930caa7f161e1245a14379323468b6c) Importer(815301076,1909f56bfc062723c751e8b465ee728b)
Start importing Assets/UI Prefabs/Summons Panel.prefab using Guid(3930caa7f161e1245a14379323468b6c) Importer(815301076,1909f56bfc062723c751e8b465ee728b)  -> (artifact id: '6f715b31a7edfe62964ce136afb90c6c') in 0.039205 seconds 
  Import took 0.042396 seconds .

========================================================================
Received Import Request.
  Time since last request: 18.963823 seconds.
  path: Assets/UI Prefabs/Bullet Point.prefab
  artifactKey: Guid(90a5af2c73e89a446b610c1cf62e05c4) Importer(815301076,1909f56bfc062723c751e8b465ee728b)
Start importing Assets/UI Prefabs/Bullet Point.prefab using Guid(90a5af2c73e89a446b610c1cf62e05c4) Importer(815301076,1909f56bfc062723c751e8b465ee728b)  -> (artifact id: 'ac2cec6618a50b8ecdb1597ca1bffefc') in 0.017988 seconds 
  Import took 0.020954 seconds .

========================================================================
Received Import Request.
  Time since last request: 0.000144 seconds.
  path: Assets/UI Prefabs/Characters Panel.prefab
  artifactKey: Guid(65e7cd075c82844428c9d09f1e31a55a) Importer(815301076,1909f56bfc062723c751e8b465ee728b)
Start importing Assets/UI Prefabs/Characters Panel.prefab using Guid(65e7cd075c82844428c9d09f1e31a55a) Importer(815301076,1909f56bfc062723c751e8b465ee728b)  -> (artifact id: '580c7b6f300aab13f8a8a097c04c5b4e') in 0.040321 seconds 
  Import took 0.043677 seconds .

========================================================================
Received Import Request.
  Time since last request: 0.000160 seconds.
  path: Assets/UI Prefabs/Summons Panel.prefab
  artifactKey: Guid(3930caa7f161e1245a14379323468b6c) Importer(815301076,1909f56bfc062723c751e8b465ee728b)
Start importing Assets/UI Prefabs/Summons Panel.prefab using Guid(3930caa7f161e1245a14379323468b6c) Importer(815301076,1909f56bfc062723c751e8b465ee728b)  -> (artifact id: '260e6f1f10d495ec317d7ebb7daa5351') in 0.037857 seconds 
  Import took 0.040975 seconds .

========================================================================
Received Import Request.
  Time since last request: 59.022529 seconds.
  path: Assets/UI Prefabs/Summons Panel.prefab
  artifactKey: Guid(3930caa7f161e1245a14379323468b6c) Importer(815301076,1909f56bfc062723c751e8b465ee728b)
Start importing Assets/UI Prefabs/Summons Panel.prefab using Guid(3930caa7f161e1245a14379323468b6c) Importer(815301076,1909f56bfc062723c751e8b465ee728b)  -> (artifact id: '76df29fc0355e45d64f888be623592ed') in 0.039934 seconds 
  Import took 0.043520 seconds .

AssetImportWorkerClient::OnTransportError - code=2 error=End of file
